<?xml version="1.0" encoding="UTF-8"?>
<!-- Generated by org.testng.reporters.JUnitXMLReporter -->
<testsuite hostname="DESKTOP-Q8LNBFC" ignored="0" name="ChromeTest" tests="1" failures="0" timestamp="2021-04-14T16:15:57 SGT" time="3.16" errors="0">
  <testcase name="@BeforeMethod setup" time="3.05" classname="BiofourmisTestProj.BiofourmisTests.TestScenario1_SecondTest">
    <failure type="org.openqa.selenium.SessionNotCreatedException" message="session not created: This version of ChromeDriver only supports Chrome version 86
Current browser version is 89.0.4389.114 with binary path C:\Program Files (x86)\Google\Chrome\Application\chrome.exe
Build info: version: &amp;apos;3.141.59&amp;apos;, revision: &amp;apos;e82be7d358&amp;apos;, time: &amp;apos;2018-11-14T08:17:03&amp;apos;
System info: host: &amp;apos;DESKTOP-Q8LNBFC&amp;apos;, ip: &amp;apos;192.168.1.92&amp;apos;, os.name: &amp;apos;Windows 10&amp;apos;, os.arch: &amp;apos;amd64&amp;apos;, os.version: &amp;apos;10.0&amp;apos;, java.version: &amp;apos;1.8.0_251&amp;apos;
Driver info: driver.version: ChromeDriver
remote stacktrace: Backtrace:
	Ordinal0 [0x00BFC013+3194899]
	Ordinal0 [0x00AE6021+2056225]
	Ordinal0 [0x0097F608+587272]
	Ordinal0 [0x00901BF3+72691]
	Ordinal0 [0x008FE229+57897]
	Ordinal0 [0x008FC64A+50762]
	Ordinal0 [0x00921EE9+204521]
	Ordinal0 [0x00921D0D+204045]
	Ordinal0 [0x0091FC1B+195611]
	Ordinal0 [0x00903B7F+80767]
	Ordinal0 [0x00904B4E+84814]
	Ordinal0 [0x00904AD9+84697]
	Ordinal0 [0x00AFCE64+2149988]
	GetHandleVerifier [0x00D6BE95+1400773]
	GetHandleVerifier [0x00D6BB61+1399953]
	GetHandleVerifier [0x00D731FA+1430314]
	GetHandleVerifier [0x00D6C69F+1402831]
	Ordinal0 [0x00AF3D61+2112865]
	Ordinal0 [0x00AFE5CB+2155979]
	Ordinal0 [0x00AFE6F5+2156277]
	Ordinal0 [0x00B0F26E+2224750]
	BaseThreadInitThunk [0x758BFA29+25]
	RtlGetAppContainerNamedObjectPath [0x77527C7E+286]
	RtlGetAppContainerNamedObjectPath [0x77527C4E+238]
">
      <![CDATA[org.openqa.selenium.SessionNotCreatedException: session not created: This version of ChromeDriver only supports Chrome version 86
Current browser version is 89.0.4389.114 with binary path C:\Program Files (x86)\Google\Chrome\Application\chrome.exe
Build info: version: '3.141.59', revision: 'e82be7d358', time: '2018-11-14T08:17:03'
System info: host: 'DESKTOP-Q8LNBFC', ip: '192.168.1.92', os.name: 'Windows 10', os.arch: 'amd64', os.version: '10.0', java.version: '1.8.0_251'
Driver info: driver.version: ChromeDriver
remote stacktrace: Backtrace:
Ordinal0 [0x00BFC013+3194899]
Ordinal0 [0x00AE6021+2056225]
Ordinal0 [0x0097F608+587272]
Ordinal0 [0x00901BF3+72691]
Ordinal0 [0x008FE229+57897]
Ordinal0 [0x008FC64A+50762]
Ordinal0 [0x00921EE9+204521]
Ordinal0 [0x00921D0D+204045]
Ordinal0 [0x0091FC1B+195611]
Ordinal0 [0x00903B7F+80767]
Ordinal0 [0x00904B4E+84814]
Ordinal0 [0x00904AD9+84697]
Ordinal0 [0x00AFCE64+2149988]
GetHandleVerifier [0x00D6BE95+1400773]
GetHandleVerifier [0x00D6BB61+1399953]
GetHandleVerifier [0x00D731FA+1430314]
GetHandleVerifier [0x00D6C69F+1402831]
Ordinal0 [0x00AF3D61+2112865]
Ordinal0 [0x00AFE5CB+2155979]
Ordinal0 [0x00AFE6F5+2156277]
Ordinal0 [0x00B0F26E+2224750]
BaseThreadInitThunk [0x758BFA29+25]
RtlGetAppContainerNamedObjectPath [0x77527C7E+286]
RtlGetAppContainerNamedObjectPath [0x77527C4E+238]

at org.openqa.selenium.remote.W3CHandshakeResponse.lambda$errorHandler$0(W3CHandshakeResponse.java:62)
at org.openqa.selenium.remote.HandshakeResponse.lambda$getResponseFunction$0(HandshakeResponse.java:30)
at org.openqa.selenium.remote.ProtocolHandshake.lambda$createSession$0(ProtocolHandshake.java:126)
at java.util.stream.ReferencePipeline$3$1.accept(Unknown Source)
at java.util.Spliterators$ArraySpliterator.tryAdvance(Unknown Source)
at java.util.stream.ReferencePipeline.forEachWithCancel(Unknown Source)
at java.util.stream.AbstractPipeline.copyIntoWithCancel(Unknown Source)
at java.util.stream.AbstractPipeline.copyInto(Unknown Source)
at java.util.stream.AbstractPipeline.wrapAndCopyInto(Unknown Source)
at java.util.stream.FindOps$FindOp.evaluateSequential(Unknown Source)
at java.util.stream.AbstractPipeline.evaluate(Unknown Source)
at java.util.stream.ReferencePipeline.findFirst(Unknown Source)
at org.openqa.selenium.remote.ProtocolHandshake.createSession(ProtocolHandshake.java:128)
at org.openqa.selenium.remote.ProtocolHandshake.createSession(ProtocolHandshake.java:74)
at org.openqa.selenium.remote.HttpCommandExecutor.execute(HttpCommandExecutor.java:136)
at org.openqa.selenium.remote.service.DriverCommandExecutor.execute(DriverCommandExecutor.java:83)
at org.openqa.selenium.remote.RemoteWebDriver.execute(RemoteWebDriver.java:552)
at org.openqa.selenium.remote.RemoteWebDriver.startSession(RemoteWebDriver.java:213)
at org.openqa.selenium.remote.RemoteWebDriver.<init>(RemoteWebDriver.java:131)
at org.openqa.selenium.chrome.ChromeDriver.<init>(ChromeDriver.java:181)
at org.openqa.selenium.chrome.ChromeDriver.<init>(ChromeDriver.java:168)
at org.openqa.selenium.chrome.ChromeDriver.<init>(ChromeDriver.java:123)
at BiofourmisTestProj.BiofourmisTests.TestScenario1_SecondTest.setup(TestScenario1_SecondTest.java:32)
at java.util.ArrayList.forEach(Unknown Source)
at java.util.concurrent.FutureTask.run(Unknown Source)
at java.util.concurrent.ThreadPoolExecutor.runWorker(Unknown Source)
at java.util.concurrent.ThreadPoolExecutor$Worker.run(Unknown Source)
at java.lang.Thread.run(Unknown Source)
... Removed 26 stack frames]]>
    </failure>
  </testcase> <!-- @BeforeMethod setup -->
  <testcase name="validatePayment" time="0.0" classname="BiofourmisTestProj.BiofourmisTests.TestScenario1_SecondTest">
    <skipped/>
  </testcase> <!-- validatePayment -->
</testsuite> <!-- ChromeTest -->
