<?xml version="1.0" encoding="UTF-8"?>
<!-- Generated by org.testng.reporters.JUnitReportReporter -->
<testsuite skipped="0" hostname="DESKTOP-Q8LNBFC" name="BiofourmisTestProj.BiofourmisTests.TestScenario1_FirstTest" tests="5" failures="0" timestamp="2021-04-15T00:22:44 SGT" time="148.980" errors="0">
  <testcase name="signup" time="27.181" classname="BiofourmisTestProj.BiofourmisTests.TestScenario1_FirstTest"/>
  <system-out/>
  <testcase name="signup" time="38.858" classname="BiofourmisTestProj.BiofourmisTests.TestScenario1_FirstTest"/>
  <system-out/>
  <testcase name="signup" time="30.527" classname="BiofourmisTestProj.BiofourmisTests.TestScenario1_FirstTest"/>
  <system-out/>
  <testcase name="signup" time="26.836" classname="BiofourmisTestProj.BiofourmisTests.TestScenario1_FirstTest"/>
  <system-out/>
  <testcase name="signup" time="25.578" classname="BiofourmisTestProj.BiofourmisTests.TestScenario1_FirstTest"/>
  <system-out/>
</testsuite> <!-- BiofourmisTestProj.BiofourmisTests.TestScenario1_FirstTest -->
