<?xml version="1.0" encoding="UTF-8"?>
<!-- Generated by org.testng.reporters.JUnitReportReporter -->
<testsuite skipped="0" hostname="DESKTOP-Q8LNBFC" name="BiofourmisTestProj.BiofourmisTests.TestScenario3_MMP" tests="1" failures="0" timestamp="2021-04-15T00:32:39 SGT" time="26.227" errors="0">
  <testcase name="validatemakemyTripDeals" time="26.227" classname="BiofourmisTestProj.BiofourmisTests.TestScenario3_MMP"/>
  <system-out/>
</testsuite> <!-- BiofourmisTestProj.BiofourmisTests.TestScenario3_MMP -->
