<?xml version="1.0" encoding="UTF-8"?>
<!-- Generated by org.testng.reporters.JUnitReportReporter -->
<testsuite skipped="0" hostname="DESKTOP-Q8LNBFC" name="BiofourmisTestProj.BiofourmisTests.TestScenario1_SecondTest" tests="1" failures="0" timestamp="2021-04-15T00:29:06 SGT" time="40.772" errors="0">
  <testcase name="validatePayment" time="40.772" classname="BiofourmisTestProj.BiofourmisTests.TestScenario1_SecondTest"/>
  <system-out/>
</testsuite> <!-- BiofourmisTestProj.BiofourmisTests.TestScenario1_SecondTest -->
