<?xml version="1.0" encoding="UTF-8"?>
<!-- Generated by org.testng.reporters.JUnitReportReporter -->
<testsuite skipped="0" hostname="DESKTOP-Q8LNBFC" name="BiofourmisTestProj.BiofourmisTests.TestScenario2_MMP" tests="1" failures="0" timestamp="2021-04-15T00:30:30 SGT" time="26.125" errors="0">
  <testcase name="validatemakemyTrip" time="26.125" classname="BiofourmisTestProj.BiofourmisTests.TestScenario2_MMP"/>
  <system-out/>
</testsuite> <!-- BiofourmisTestProj.BiofourmisTests.TestScenario2_MMP -->
